Arguments: 
  /usr/local/Cellar/node@14/14.20.1/bin/node /usr/local/Cellar/yarn/1.22.18/libexec/bin/yarn.js install

PATH: 
  /usr/local/opt/node@14/bin:/Users/fernandotorrigo/.nvm/versions/node/v14.19.1/bin:/usr/local/bin:/usr/bin:/bin:/usr/sbin:/sbin:/Library/Apple/usr/bin:/usr/local/opt/node@14/bin:/Users/fernandotorrigo/.nvm/versions/node/v14.19.1/bin:/Users/fernandotorrigo/Library/Android/sdk/emulator:/Users/fernandotorrigo/Library/Android/sdk/tools:/Users/fernandotorrigo/Library/Android/sdk/tools/bin:/Users/fernandotorrigo/Library/Android/sdk/platform-tools:/Users/fernandotorrigo/Library/Android/sdk/emulator:/Users/fernandotorrigo/Library/Android/sdk/tools:/Users/fernandotorrigo/Library/Android/sdk/tools/bin:/Users/fernandotorrigo/Library/Android/sdk/platform-tools

Yarn version: 
  1.22.18

Node version: 
  14.20.1

Platform: 
  darwin x64

Trace: 
  Error: https://registry.yarnpkg.com/react-native/-/react-native-0.69.6.tgz: ESOCKETTIMEDOUT
      at ClientRequest.<anonymous> (/usr/local/Cellar/yarn/1.22.18/libexec/lib/cli.js:141510:19)
      at Object.onceWrapper (events.js:519:28)
      at ClientRequest.emit (events.js:400:28)
      at TLSSocket.emitRequestTimeout (_http_client.js:790:9)
      at Object.onceWrapper (events.js:519:28)
      at TLSSocket.emit (events.js:412:35)
      at TLSSocket.Socket._onTimeout (net.js:495:8)
      at listOnTimeout (internal/timers.js:557:17)
      at processTimers (internal/timers.js:500:7)

npm manifest: 
  {
    "name": "igniteteams",
    "version": "1.0.0",
    "main": "node_modules/expo/AppEntry.js",
    "scripts": {
      "start": "expo start",
      "android": "expo start --android",
      "ios": "expo start --ios",
      "web": "expo start --web"
    },
    "dependencies": {
      "expo": "~46.0.13",
      "expo-status-bar": "~1.4.0",
      "react": "18.0.0",
      "react-dom": "18.0.0",
      "react-native": "0.69.6",
      "react-native-web": "~0.18.7"
    },
    "devDependencies": {
      "@babel/core": "^7.12.9",
      "@types/react": "~18.0.14",
      "@types/react-native": "~0.69.1",
      "typescript": "~4.3.5"
    },
    "private": true
  }

yarn manifest: 
  No manifest

Lockfile: 
  No lockfile
